<?xml version="1.0" encoding="utf-8"?><testsuites name="pytest tests"><testsuite name="pytest" errors="0" failures="0" skipped="0" tests="5" time="1.474" timestamp="2026-06-24T20:05:44.592895+00:00" hostname="agent-env-2ac55478-e806-449c-8d84-56e579c9bb9a"><testcase classname="backend.tests.test_adobe_oauth" name="test_config_includes_adobe_fields" time="0.289" /><testcase classname="backend.tests.test_adobe_oauth" name="test_adobe_login_redirects_to_ims" time="0.193" /><testcase classname="backend.tests.test_adobe_oauth" name="test_adobe_callback_invalid_state_returns_400" time="0.154" /><testcase classname="backend.tests.test_adobe_oauth" name="test_adobe_logout_idempotent" time="0.352" /><testcase classname="backend.tests.test_adobe_oauth" name="test_config_disconnected_after_logout" time="0.322" /></testsuite></testsuites>