<?xml version="1.0" encoding="utf-8"?><testsuites name="pytest tests"><testsuite name="pytest" errors="0" failures="0" skipped="0" tests="8" time="1.838" timestamp="2026-06-25T14:04:39.552572+00:00" hostname="agent-env-2ac55478-e806-449c-8d84-56e579c9bb9a"><testcase classname="backend.tests.test_iteration6_oauth_state.TestBugFix" name="test_legacy_state_passes_state_check" time="0.318" /><testcase classname="backend.tests.test_iteration6_oauth_state.TestBugFix" name="test_fresh_fernet_state_passes_state_check" time="0.362" /><testcase classname="backend.tests.test_iteration6_oauth_state.TestRegression" name="test_short_state_rejected" time="0.139" /><testcase classname="backend.tests.test_iteration6_oauth_state.TestRegression" name="test_illegal_chars_state_rejected" time="0.105" /><testcase classname="backend.tests.test_iteration6_oauth_state.TestRegression" name="test_empty_state_rejected" time="0.093" /><testcase classname="backend.tests.test_iteration6_oauth_state.TestRegression" name="test_login_returns_307_to_adobe_with_fernet_state" time="0.132" /><testcase classname="backend.tests.test_iteration6_oauth_state.TestRegression" name="test_config_endpoint" time="0.249" /><testcase classname="backend.tests.test_iteration6_oauth_state.TestRegression" name="test_csv_endpoint_returns_text_csv" time="0.230" /></testsuite></testsuites>