<?xml version="1.0" encoding="utf-8"?><testsuites name="pytest tests"><testsuite name="pytest" errors="0" failures="0" skipped="0" tests="9" time="60.760" timestamp="2026-06-24T21:27:56.170742+00:00" hostname="agent-env-2ac55478-e806-449c-8d84-56e579c9bb9a"><testcase classname="backend.tests.test_iteration4" name="test_config_adobe_connected" time="0.292" /><testcase classname="backend.tests.test_iteration4" name="test_invalid_url_fails_gracefully" time="0.214" /><testcase classname="backend.tests.test_iteration4" name="test_share_link_pipeline_done" time="47.036" /><testcase classname="backend.tests.test_iteration4" name="test_share_link_has_video_fps" time="0.000" /><testcase classname="backend.tests.test_iteration4" name="test_share_link_issues_detected_and_posted" time="0.000" /><testcase classname="backend.tests.test_iteration4" name="test_csv_endpoint_share" time="0.098" /><testcase classname="backend.tests.test_iteration4" name="test_csv_404_for_unknown" time="0.100" /><testcase classname="backend.tests.test_iteration4" name="test_uploaded_video_pipeline" time="12.790" /><testcase classname="backend.tests.test_iteration4" name="test_cleanup_uploaded" time="0.152" /></testsuite></testsuites>