<?xml version="1.0" encoding="utf-8"?><testsuites name="pytest tests"><testsuite name="pytest" errors="0" failures="0" skipped="0" tests="10" time="0.984" timestamp="2026-06-25T17:32:16.598840+00:00" hostname="agent-env-2ac55478-e806-449c-8d84-56e579c9bb9a"><testcase classname="backend.tests.test_iteration8_timestamp_fix.TestTimestampBugFix" name="test_evidence_analysis_done_and_posted_all" time="0.125" /><testcase classname="backend.tests.test_iteration8_timestamp_fix.TestTimestampBugFix" name="test_distinct_timestamps_on_evidence" time="0.000" /><testcase classname="backend.tests.test_iteration8_timestamp_fix.TestTimestampBugFix" name="test_all_issues_posted_to_frameio" time="0.000" /><testcase classname="backend.tests.test_iteration8_timestamp_fix.TestConfigRegression" name="test_config_has_only_guest_fields" time="0.102" /><testcase classname="backend.tests.test_iteration8_timestamp_fix.TestAdobeStillGone" name="test_adobe_login_404" time="0.106" /><testcase classname="backend.tests.test_iteration8_timestamp_fix.TestAdobeStillGone" name="test_adobe_callback_404" time="0.103" /><testcase classname="backend.tests.test_iteration8_timestamp_fix.TestAdobeStillGone" name="test_adobe_logout_404" time="0.127" /><testcase classname="backend.tests.test_iteration8_timestamp_fix.TestCSV" name="test_csv_export_evidence" time="0.112" /><testcase classname="backend.tests.test_iteration8_timestamp_fix.TestManualPostIdempotent" name="test_post_when_all_already_posted_returns_zero" time="0.126" /><testcase classname="backend.tests.test_iteration8_timestamp_fix.TestRoot" name="test_root_ok" time="0.094" /></testsuite></testsuites>