<?xml version="1.0" encoding="utf-8"?><testsuites name="pytest tests"><testsuite name="pytest" errors="0" failures="1" skipped="0" tests="7" time="0.969" timestamp="2026-06-25T07:16:50.456948+00:00" hostname="agent-env-2ac55478-e806-449c-8d84-56e579c9bb9a"><testcase classname="tests.test_iteration5_oauth" name="test_adobe_login_returns_redirect_with_fernet_state" time="0.201" /><testcase classname="tests.test_iteration5_oauth" name="test_adobe_callback_with_valid_state_proceeds_past_state_check" time="0.231" /><testcase classname="tests.test_iteration5_oauth" name="test_adobe_callback_with_garbage_state_returns_400" time="0.042" /><testcase classname="tests.test_iteration5_oauth" name="test_adobe_callback_with_empty_state_returns_4xx" time="0.042" /><testcase classname="tests.test_iteration5_oauth" name="test_config_still_shows_adobe_connected" time="0.088"><failure message="AssertionError: adobe_connected lost! {'frameio_configured': True, 'llm_configured': True, 'frame_interval': 2.0, 'adobe_connected': False, 'adobe_user': None}&#10;assert False is True&#10; +  where False = &lt;built-in method get of dict object at 0xfbe1894d7400&gt;('adobe_connected')&#10; +    where &lt;built-in method get of dict object at 0xfbe1894d7400&gt; = {'frameio_configured': True, 'llm_configured': True, 'frame_interval': 2.0, 'adobe_connected': False, ...}.get">tests/test_iteration5_oauth.py:122: in test_config_still_shows_adobe_connected
    assert data.get("adobe_connected") is True, f"adobe_connected lost! {data}"
E   AssertionError: adobe_connected lost! {'frameio_configured': True, 'llm_configured': True, 'frame_interval': 2.0, 'adobe_connected': False, 'adobe_user': None}
E   assert False is True
E    +  where False = &lt;built-in method get of dict object at 0xfbe1894d7400&gt;('adobe_connected')
E    +    where &lt;built-in method get of dict object at 0xfbe1894d7400&gt; = {'frameio_configured': True, 'llm_configured': True, 'frame_interval': 2.0, 'adobe_connected': False, ...}.get</failure></testcase><testcase classname="tests.test_iteration5_oauth" name="test_csv_endpoint_still_works" time="0.086" /><testcase classname="tests.test_iteration5_oauth" name="test_login_does_not_write_to_oauth_state_collection" time="0.127" /></testsuite></testsuites>