<?xml version="1.0" encoding="utf-8"?><testsuites name="pytest tests"><testsuite name="pytest" errors="0" failures="0" skipped="0" tests="13" time="4.411" timestamp="2026-06-25T16:58:04.738966+00:00" hostname="agent-env-2ac55478-e806-449c-8d84-56e579c9bb9a"><testcase classname="backend.tests.test_iteration7_guest.TestConfig" name="test_config_schema_only_guest_fields" time="0.233" /><testcase classname="backend.tests.test_iteration7_guest.TestAdobeRoutesRemoved" name="test_adobe_login_404" time="0.101" /><testcase classname="backend.tests.test_iteration7_guest.TestAdobeRoutesRemoved" name="test_adobe_callback_404" time="0.119" /><testcase classname="backend.tests.test_iteration7_guest.TestAdobeRoutesRemoved" name="test_adobe_logout_404" time="0.120" /><testcase classname="backend.tests.test_iteration7_guest.TestPasswordPlumbing" name="test_pydantic_accepts_password_field" time="0.173" /><testcase classname="backend.tests.test_iteration7_guest.TestPasswordPlumbing" name="test_get_analysis_strips_password" time="2.097" /><testcase classname="backend.tests.test_iteration7_guest.TestPasswordPlumbing" name="test_list_analyses_strips_password_and_has_issue_count" time="0.126" /><testcase classname="backend.tests.test_iteration7_guest.TestPasswordPlumbing" name="test_cleanup_dummy" time="0.123" /><testcase classname="backend.tests.test_iteration7_guest.TestValidation" name="test_create_analysis_requires_url_or_video" time="0.108" /><testcase classname="backend.tests.test_iteration7_guest.TestValidation" name="test_get_unknown_analysis_404" time="0.111" /><testcase classname="backend.tests.test_iteration7_guest.TestValidation" name="test_manual_post_requires_share_link" time="0.567" /><testcase classname="backend.tests.test_iteration7_guest.TestCSV" name="test_csv_export" time="0.231" /><testcase classname="backend.tests.test_iteration7_guest.TestRoot" name="test_root_ok" time="0.093" /></testsuite></testsuites>