<?xml version="1.0" encoding="utf-8"?><testsuites name="pytest tests"><testsuite name="pytest" errors="0" failures="0" skipped="0" tests="7" time="29.523" timestamp="2026-06-24T19:23:00.202947+00:00" hostname="agent-env-2ac55478-e806-449c-8d84-56e579c9bb9a"><testcase classname="tests.backend_test" name="test_config_endpoint" time="0.159" /><testcase classname="tests.backend_test" name="test_create_analysis_no_input_returns_400" time="0.138" /><testcase classname="tests.backend_test" name="test_create_analysis_invalid_url_fails_gracefully" time="0.260" /><testcase classname="tests.backend_test" name="test_uploaded_analysis_pipeline" time="28.434" /><testcase classname="tests.backend_test" name="test_list_analyses_has_issue_count" time="0.118" /><testcase classname="tests.backend_test" name="test_manual_post_without_asset_returns_400" time="0.101" /><testcase classname="tests.backend_test" name="test_delete_analysis" time="0.200" /></testsuite></testsuites>