<?xml version="1.0" encoding="utf-8"?><testsuites name="pytest tests"><testsuite name="pytest" errors="0" failures="0" skipped="0" tests="2" time="45.071" timestamp="2026-06-24T19:45:18.813487+00:00" hostname="agent-env-2ac55478-e806-449c-8d84-56e579c9bb9a"><testcase classname="backend.tests.test_share_link" name="test_share_link_resolves_and_completes" time="44.685" /><testcase classname="backend.tests.test_share_link" name="test_invalid_url_still_fails_gracefully" time="0.288" /></testsuite></testsuites>